<?xml version="1.0" encoding="UTF-8"?>
<!-- Generated by org.testng.reporters.JUnitXMLReporter -->
<testsuite ignored="0" hostname="DESKTOP-4ENFGKI" failures="0" tests="11" name="Default test" time="62.62" errors="0" timestamp="2024-08-21T20:22:29 EET">
  <testcase classname="almosaferTestt.mytest" name="DefaultLange" time="0.217"/>
  <testcase classname="almosaferTestt.mytest" name="CheckdefaultCurrency" time="0.178"/>
  <testcase classname="almosaferTestt.mytest" name="CheckContactNumber" time="3.277"/>
  <testcase classname="almosaferTestt.mytest" name="CheckQitaflogo" time="0.325"/>
  <testcase classname="almosaferTestt.mytest" name="CheckHotelIsNotSelected" time="0.122"/>
  <testcase classname="almosaferTestt.mytest" name="CheckDepatureDate" time="0.185"/>
  <testcase classname="almosaferTestt.mytest" name="Randomlang" time="2.745"/>
  <testcase classname="almosaferTestt.mytest" name="FillHotelTap" time="3.076"/>
  <testcase classname="almosaferTestt.mytest" name="RandomlyselectTheNumberOfvistor" time="11.001"/>
  <testcase classname="almosaferTestt.mytest" name="CheckThePageloaded" time="28.77"/>
  <testcase classname="almosaferTestt.mytest" name="SortItem" time="4.156"/>
</testsuite> <!-- Default test -->
