<?xml version="1.0" encoding="UTF-8"?>
<!-- Generated by org.testng.reporters.JUnitXMLReporter -->
<testsuite ignored="0" hostname="DESKTOP-4ENFGKI" failures="0" tests="7" name="Default test" time="15.633" errors="0" timestamp="2024-08-20T21:50:59 EET">
  <testcase classname="almosaferTestt.mytest" name="DefaultLange" time="0.204"/>
  <testcase classname="almosaferTestt.mytest" name="CheckdefaultCurrency" time="0.156"/>
  <testcase classname="almosaferTestt.mytest" name="CheckContactNumber" time="2.825"/>
  <testcase classname="almosaferTestt.mytest" name="CheckQitaflogo" time="0.535"/>
  <testcase classname="almosaferTestt.mytest" name="CheckHotelIsNotSelected" time="0.114"/>
  <testcase classname="almosaferTestt.mytest" name="CheckDepatureDate" time="0.201"/>
  <testcase classname="almosaferTestt.mytest" name="Randomlang" time="3.213"/>
</testsuite> <!-- Default test -->
