<?xml version="1.0" encoding="UTF-8"?>
<testng-results ignored="0" total="11" passed="11" failed="0" skipped="0">
  <reporter-output>
  </reporter-output>
  <suite started-at="2024-08-23T19:26:11 EET" name="Default suite" finished-at="2024-08-23T19:27:15 EET" duration-ms="64439">
    <groups>
    </groups>
    <test started-at="2024-08-23T19:26:11 EET" name="Default test" finished-at="2024-08-23T19:27:15 EET" duration-ms="64439">
      <class name="almosaferTestt.mytest">
        <test-method is-config="true" signature="Mysetup()[pri:0, instance:almosaferTestt.mytest@35fe2125]" started-at="2024-08-23T19:26:11 EET" name="Mysetup" finished-at="2024-08-23T19:26:20 EET" duration-ms="9628" status="PASS">
          <reporter-output>
          </reporter-output>
        </test-method> <!-- Mysetup -->
        <test-method signature="DefaultLange()[pri:1, instance:almosaferTestt.mytest@35fe2125]" started-at="2024-08-23T19:26:20 EET" name="DefaultLange" finished-at="2024-08-23T19:26:21 EET" duration-ms="219" status="PASS">
          <reporter-output>
          </reporter-output>
        </test-method> <!-- DefaultLange -->
        <test-method signature="CheckdefaultCurrency()[pri:2, instance:almosaferTestt.mytest@35fe2125]" started-at="2024-08-23T19:26:21 EET" name="CheckdefaultCurrency" finished-at="2024-08-23T19:26:24 EET" duration-ms="3557" status="PASS">
          <reporter-output>
          </reporter-output>
        </test-method> <!-- CheckdefaultCurrency -->
        <test-method signature="CheckContactNumber()[pri:3, instance:almosaferTestt.mytest@35fe2125]" started-at="2024-08-23T19:26:24 EET" name="CheckContactNumber" finished-at="2024-08-23T19:26:24 EET" duration-ms="92" status="PASS">
          <reporter-output>
          </reporter-output>
        </test-method> <!-- CheckContactNumber -->
        <test-method signature="CheckQitaflogo()[pri:4, instance:almosaferTestt.mytest@35fe2125]" started-at="2024-08-23T19:26:24 EET" name="CheckQitaflogo" finished-at="2024-08-23T19:26:25 EET" duration-ms="842" status="PASS">
          <reporter-output>
          </reporter-output>
        </test-method> <!-- CheckQitaflogo -->
        <test-method signature="CheckHotelIsNotSelected()[pri:5, instance:almosaferTestt.mytest@35fe2125]" started-at="2024-08-23T19:26:25 EET" name="CheckHotelIsNotSelected" finished-at="2024-08-23T19:26:26 EET" duration-ms="574" status="PASS">
          <reporter-output>
          </reporter-output>
        </test-method> <!-- CheckHotelIsNotSelected -->
        <test-method signature="CheckDepatureDate()[pri:6, instance:almosaferTestt.mytest@35fe2125]" started-at="2024-08-23T19:26:26 EET" name="CheckDepatureDate" finished-at="2024-08-23T19:26:26 EET" duration-ms="168" status="PASS">
          <reporter-output>
          </reporter-output>
        </test-method> <!-- CheckDepatureDate -->
        <test-method signature="Randomlang()[pri:7, instance:almosaferTestt.mytest@35fe2125]" started-at="2024-08-23T19:26:26 EET" name="Randomlang" finished-at="2024-08-23T19:26:29 EET" duration-ms="3636" status="PASS">
          <reporter-output>
          </reporter-output>
        </test-method> <!-- Randomlang -->
        <test-method signature="FillHotelTap()[pri:8, instance:almosaferTestt.mytest@35fe2125]" started-at="2024-08-23T19:26:29 EET" name="FillHotelTap" finished-at="2024-08-23T19:26:33 EET" duration-ms="3887" status="PASS">
          <reporter-output>
          </reporter-output>
        </test-method> <!-- FillHotelTap -->
        <test-method signature="RandomlyselectTheNumberOfvistor()[pri:9, instance:almosaferTestt.mytest@35fe2125]" started-at="2024-08-23T19:26:33 EET" name="RandomlyselectTheNumberOfvistor" finished-at="2024-08-23T19:26:46 EET" duration-ms="12297" status="PASS">
          <reporter-output>
          </reporter-output>
        </test-method> <!-- RandomlyselectTheNumberOfvistor -->
        <test-method signature="CheckThePageloaded()[pri:10, instance:almosaferTestt.mytest@35fe2125]" started-at="2024-08-23T19:26:46 EET" name="CheckThePageloaded" finished-at="2024-08-23T19:27:12 EET" duration-ms="26000" status="PASS">
          <reporter-output>
          </reporter-output>
        </test-method> <!-- CheckThePageloaded -->
        <test-method signature="SortItem()[pri:11, instance:almosaferTestt.mytest@35fe2125]" started-at="2024-08-23T19:27:12 EET" name="SortItem" finished-at="2024-08-23T19:27:15 EET" duration-ms="3312" status="PASS">
          <reporter-output>
          </reporter-output>
        </test-method> <!-- SortItem -->
      </class> <!-- almosaferTestt.mytest -->
    </test> <!-- Default test -->
  </suite> <!-- Default suite -->
</testng-results>
